<?xml version="1.0" encoding="UTF-8"?>
<testng-results skipped="0" failed="0" total="1" passed="1">
  <reporter-output>
  </reporter-output>
  <suite name="WebDriverTests" duration-ms="17625" started-at="2013-10-25T11:15:54Z" finished-at="2013-10-25T11:16:12Z">
    <groups>
    </groups>
    <test name="Default test" duration-ms="17625" started-at="2013-10-25T11:15:54Z" finished-at="2013-10-25T11:16:12Z">
      <class name="com.mycompany.app.TestRegistrationPage">
        <test-method status="PASS" signature="setUp(java.lang.String, java.lang.String)[pri:0, instance:com.mycompany.app.TestRegistrationPage@1c80b01]" name="setUp" is-config="true" duration-ms="5610" started-at="2013-10-25T04:15:54Z" finished-at="2013-10-25T04:16:00Z">
          <params>
            <param index="0">
              <value>
                <![CDATA[chrome]]>
              </value>
            </param>
            <param index="1">
              <value>
                <![CDATA[C:\\biabraham\\SeleniumSetup\\chromedriver.exe]]>
              </value>
            </param>
          </params>
          <reporter-output>
          </reporter-output>
        </test-method> <!-- setUp -->
        <test-method status="PASS" signature="testRegistrationPage()[pri:0, instance:com.mycompany.app.TestRegistrationPage@1c80b01]" name="testRegistrationPage" duration-ms="9125" started-at="2013-10-25T04:16:00Z" finished-at="2013-10-25T04:16:09Z">
          <reporter-output>
          </reporter-output>
        </test-method> <!-- testRegistrationPage -->
        <test-method status="PASS" signature="tearDown()[pri:0, instance:com.mycompany.app.TestRegistrationPage@1c80b01]" name="tearDown" is-config="true" duration-ms="2890" started-at="2013-10-25T04:16:09Z" finished-at="2013-10-25T04:16:12Z">
          <reporter-output>
          </reporter-output>
        </test-method> <!-- tearDown -->
      </class> <!-- com.mycompany.app.TestRegistrationPage -->
    </test> <!-- Default test -->
  </suite> <!-- WebDriverTests -->
</testng-results>
